
> roomflow@0.1.0 dev
> next dev --hostname 127.0.0.1 --port 3001

▲ Next.js 16.1.6 (Turbopack)
- Local:         http://127.0.0.1:3001
- Network:       http://127.0.0.1:3001
- Environments: .env

✓ Starting...
✓ Ready in 738ms
 GET /app 500 in 1148ms (compile: 270ms, render: 878ms)
 GET /login 200 in 193ms (compile: 47ms, render: 146ms)
 GET /app 500 in 241ms (compile: 12ms, render: 229ms)
 GET /login 200 in 89ms (compile: 8ms, render: 81ms)
 POST /api/auth/sign-in/email 500 in 1550ms (compile: 1143ms, render: 407ms)
 GET /app 500 in 210ms (compile: 6ms, render: 204ms)
 GET /login 200 in 101ms (compile: 5ms, render: 96ms)
 POST /api/auth/sign-in/email 200 in 2.0s (compile: 12ms, render: 2.0s)
 GET /app 200 in 907ms (compile: 5ms, render: 902ms)
 GET /app 200 in 985ms (compile: 6ms, render: 980ms)
 GET /login 200 in 96ms (compile: 7ms, render: 89ms)
 POST /api/auth/sign-in/email 200 in 1962ms (compile: 17ms, render: 1944ms)
 GET /app 200 in 1078ms (compile: 5ms, render: 1073ms)
 GET /app 200 in 1027ms (compile: 6ms, render: 1021ms)
 GET /app 200 in 577ms (compile: 3ms, render: 574ms)
 GET /login 200 in 103ms (compile: 5ms, render: 97ms)
 POST /api/auth/sign-in/email 200 in 2.0s (compile: 13ms, render: 2.0s)
 GET /login 200 in 537ms (compile: 216ms, render: 320ms)
 POST /api/auth/sign-in/email 200 in 1954ms (compile: 13ms, render: 1941ms)
 GET /app 200 in 3.2s (compile: 11ms, render: 3.2s)
 GET /app 200 in 3.3s (compile: 5ms, render: 3.3s)
 GET / 200 in 141ms (compile: 41ms, render: 101ms)
 GET /login 200 in 81ms (compile: 5ms, render: 76ms)
 GET /app 200 in 254ms (compile: 6ms, render: 248ms)
 GET /login 200 in 86ms (compile: 4ms, render: 82ms)
 POST /api/auth/sign-in/email 200 in 1909ms (compile: 12ms, render: 1897ms)
 GET /app 200 in 1109ms (compile: 10ms, render: 1099ms)
 GET /app 200 in 1029ms (compile: 5ms, render: 1025ms)
 GET /app 200 in 41s (compile: 15ms, render: 41s)
 GET /login 200 in 301ms (compile: 12ms, render: 289ms)
 GET /login 200 in 78ms (compile: 5ms, render: 73ms)
 POST /api/auth/sign-in/email 403 in 20ms (compile: 10ms, render: 11ms)
 GET /login 200 in 326ms (compile: 197ms, render: 129ms)
 GET /login 200 in 123ms (compile: 3ms, render: 120ms)
 POST /api/auth/sign-in/email 200 in 1837ms (compile: 22ms, render: 1815ms)
 GET /app 200 in 6.3s (compile: 2ms, render: 6.3s)
 GET /login 200 in 94ms (compile: 3ms, render: 91ms)
 POST /api/auth/sign-in/email 200 in 1797ms (compile: 13ms, render: 1783ms)
 GET /app 200 in 34.1s (compile: 10ms, render: 34.1s)
 POST /api/auth/sign-in/email 200 in 1957ms (compile: 12ms, render: 1946ms)
 GET /login 200 in 87ms (compile: 5ms, render: 82ms)
 POST /api/auth/sign-in/email 200 in 1859ms (compile: 11ms, render: 1849ms)
 GET /app 200 in 18.3s (compile: 4ms, render: 18.3s)
 GET /login 200 in 73ms (compile: 4ms, render: 70ms)
 POST /api/auth/sign-in/email 200 in 1791ms (compile: 11ms, render: 1780ms)
 GET /app 200 in 8.2s (compile: 7ms, render: 8.2s)
 GET /app 500 in 60s (compile: 6ms, render: 60s)
 GET /login 200 in 81ms (compile: 4ms, render: 77ms)
 POST /api/auth/sign-in/email 200 in 1972ms (compile: 7ms, render: 1965ms)
 GET /app 200 in 33.2s (compile: 5ms, render: 33.2s)
 GET /login 200 in 530ms (compile: 225ms, render: 304ms)
 POST /api/auth/sign-in/email 200 in 1943ms (compile: 13ms, render: 1930ms)
 GET /app 200 in 13.2s (compile: 4ms, render: 13.2s)
 GET /login 200 in 450ms (compile: 189ms, render: 261ms)
 POST /api/auth/sign-in/email 200 in 1903ms (compile: 12ms, render: 1891ms)
 GET /app 200 in 13.3s (compile: 5ms, render: 13.2s)
 GET /app 200 in 56s (compile: 4ms, render: 56s)
 GET / 200 in 77ms (compile: 6ms, render: 71ms)
 GET /login 200 in 86ms (compile: 4ms, render: 82ms)
 POST /api/auth/sign-in/email 200 in 1761ms (compile: 12ms, render: 1749ms)
 GET /app 200 in 33.5s (compile: 10ms, render: 33.4s)
 GET /login 200 in 95ms (compile: 4ms, render: 91ms)
 POST /api/auth/sign-in/email 200 in 1977ms (compile: 11ms, render: 1967ms)
 GET /app 200 in 32.2s (compile: 8ms, render: 32.2s)
 GET /login 200 in 75ms (compile: 4ms, render: 72ms)
 GET /app 200 in 60s (compile: 10ms, render: 60s)
 GET /app 200 in 90s (compile: 38ms, render: 90s)
 GET /app 500 in 2.6s (compile: 221ms, render: 2.4s)
 GET /login 200 in 531ms (compile: 290ms, render: 241ms)
 POST /api/auth/sign-in/email 200 in 2.1s (compile: 15ms, render: 2.1s)
 GET / 200 in 282ms (compile: 12ms, render: 270ms)
 GET / 200 in 438ms (compile: 61ms, render: 377ms)
 GET /app 500 in 2.3s (compile: 8ms, render: 2.3s)
 GET / 200 in 82ms (compile: 5ms, render: 77ms)
 GET /login 200 in 87ms (compile: 5ms, render: 82ms)
 GET /app 200 in 2.2s (compile: 6ms, render: 2.2s)
 GET /app 200 in 12.3s (compile: 31ms, render: 12.3s)
 GET /login 200 in 824ms (compile: 248ms, render: 576ms)
 GET /app 200 in 11.6s (compile: 250ms, render: 11.3s)
 POST /api/auth/sign-in/email 200 in 2.0s (compile: 13ms, render: 2.0s)
 GET /app 200 in 10.2s (compile: 7ms, render: 10.2s)
 GET /app 200 in 10.2s (compile: 6ms, render: 10.2s)
 GET /app/inbox 200 in 21.1s (compile: 932ms, render: 20.2s)
 GET /app/properties 200 in 168ms (compile: 68ms, render: 101ms)
 GET /app 200 in 128ms (compile: 5ms, render: 123ms)
 GET /app/inbox 200 in 33.7s (compile: 4ms, render: 33.7s)
 GET /app/leads 200 in 30.2s (compile: 76ms, render: 30.1s)
✓ Compiled in 45ms
✓ Compiled in 61ms
 GET /app/leads 200 in 61s (compile: 251ms, render: 61s)
✓ Compiled in 55ms
✓ Compiled in 48ms
 GET /app/leads 200 in 71s (compile: 28ms, render: 71s)
 GET /app/leads 200 in 80s (compile: 62ms, render: 80s)
✓ Compiled in 98ms
 GET /app/leads 200 in 60s (compile: 212ms, render: 60s)
✓ Compiled in 78ms
 GET /app/leads 200 in 100s (compile: 141ms, render: 100s)
 GET /app/leads 200 in 110s (compile: 174ms, render: 110s)
 GET /app/leads 200 in 61s (compile: 209ms, render: 60s)
 GET /app/leads 200 in 61s (compile: 223ms, render: 60s)
 GET /app/leads 200 in 60s (compile: 5ms, render: 60s)
 GET /app/leads 200 in 61s (compile: 202ms, render: 61s)
 GET /app/leads 200 in 51s (compile: 6ms, render: 51s)
 GET /app/leads 200 in 54s (compile: 6ms, render: 54s)
 GET /login 200 in 613ms (compile: 242ms, render: 371ms)
 POST /api/auth/sign-in/email 200 in 2.1s (compile: 194ms, render: 1933ms)
 GET /app/leads 200 in 60s (compile: 5ms, render: 60s)
 GET /app/leads 200 in 60s (compile: 5ms, render: 60s)
 GET /app/calendar 200 in 20.2s (compile: 540ms, render: 19.7s)
 GET /app/leads 200 in 60s (compile: 5ms, render: 60s)
 GET /app/leads 200 in 61s (compile: 8ms, render: 61s)
 GET /app/leads 200 in 60s (compile: 11ms, render: 60s)
 GET /login 200 in 167ms (compile: 13ms, render: 154ms)
 POST /api/auth/sign-in/email 200 in 2.4s (compile: 17ms, render: 2.3s)
 GET /app/calendar 200 in 411ms (compile: 5ms, render: 406ms)
 GET /app/leads 200 in 60s (compile: 4ms, render: 60s)
 GET /app/leads 200 in 60s (compile: 5ms, render: 60s)
 GET /app/leads 200 in 60s (compile: 5ms, render: 60s)
 GET /app/leads 200 in 60s (compile: 6ms, render: 60s)
 GET /app/leads 200 in 60s (compile: 7ms, render: 60s)
 GET /app/leads 200 in 60s (compile: 12ms, render: 60s)
 GET /app/leads 200 in 60s (compile: 4ms, render: 60s)
 GET /app/leads 200 in 60s (compile: 4ms, render: 60s)
 GET /app/leads 200 in 60s (compile: 3ms, render: 60s)
 GET /app/leads 200 in 60s (compile: 4ms, render: 60s)
 GET /app/leads 200 in 60s (compile: 6ms, render: 60s)
 GET /app/leads 200 in 60s (compile: 5ms, render: 60s)
 GET /app/leads 200 in 60s (compile: 3ms, render: 60s)
 GET /app/leads 200 in 60s (compile: 4ms, render: 60s)
 GET /app/leads 200 in 60s (compile: 4ms, render: 60s)
 GET /app/leads 200 in 60s (compile: 4ms, render: 60s)
 GET /app/leads 500 in 60s (compile: 4ms, render: 60s)
 GET /app/leads 200 in 50s (compile: 6ms, render: 50s)
 GET /app/leads 200 in 12.4s (compile: 7ms, render: 12.3s)
 GET /app/leads 200 in 32.0s (compile: 4ms, render: 32.0s)
 GET /app/leads 200 in 21.8s (compile: 6ms, render: 21.8s)
 GET /app/leads 200 in 60s (compile: 4ms, render: 60s)
 GET /app/leads 200 in 59ms (compile: 4ms, render: 55ms)
✓ Compiled in 4.2s
✓ Compiled in 443ms
 GET /app/leads 200 in 60s (compile: 85ms, render: 60s)
 GET /app/leads 200 in 61s (compile: 35ms, render: 60s)
 GET /app/leads 200 in 61s (compile: 370ms, render: 61s)
 GET /app/leads 200 in 61s (compile: 12ms, render: 60s)
 GET /app/leads 200 in 61s (compile: 60ms, render: 60s)
 GET /app/leads 500 in 61s (compile: 222ms, render: 61s)
✓ Compiled in 35ms
✓ Compiled in 38ms
✓ Compiled in 38ms
✓ Compiled in 33ms
 GET /app/leads 500 in 62s (compile: 572ms, render: 62s)
 GET /app/leads 200 in 20.8s (compile: 385ms, render: 20.4s)
 GET /login 200 in 1008ms (compile: 509ms, render: 499ms)
 POST /api/auth/sign-in/email 200 in 2.1s (compile: 156ms, render: 1975ms)
 GET /app 200 in 11.1s (compile: 672ms, render: 10.4s)
 GET /app/calendar 200 in 10.7s (compile: 364ms, render: 10.4s)
 GET /app/inbox 200 in 20.8s (compile: 562ms, render: 20.3s)
